Build started 8/2/2010 11:16:38 AM.
     1>Project "M:\My Dropbox\Uni\INB265 Systems Programming\Carpark\Carpark\Carpark.vcxproj" on node 2 (build target(s)).
     1>InitializeBuildStatus:
         Creating "Debug\Carpark.unsuccessfulbuild" because "AlwaysCreate" was specified.
       ClCompile:
         c:\Program Files\Microsoft Visual Studio 10.0\VC\bin\CL.exe /c /Zi /nologo /W3 /WX- /Od /Oy- /D WIN32 /D _DEBUG /D _CONSOLE /D _UNICODE /D UNICODE /Gm /EHsc /RTC1 /MDd /GS /fp:precise /Zc:wchar_t /Zc:forScope /Fo"Debug\\" /Fd"Debug\vc100.pdb" /Gd /TC /analyze- /errorReport:prompt "C:\Users\Dominic\Downloads\CarPark-skeleton.c"
         CarPark-skeleton.c
     1>C:\Users\Dominic\Downloads\CarPark-skeleton.c(4): fatal error C1083: Cannot open include file: 'sys/time.h': No such file or directory
     1>Done Building Project "M:\My Dropbox\Uni\INB265 Systems Programming\Carpark\Carpark\Carpark.vcxproj" (build target(s)) -- FAILED.

Build FAILED.

Time Elapsed 00:00:01.78
